           _                 _    
  __ _  __| |_ __ __ _ _ __ | |_  
 / _` |/ _` | '__/ _` | '_ \| __| 
| (_| | (_| | | | (_| | | | | |_  
 \__, |\__,_|_|  \__,_|_| |_|\__| 
    |_|                           

Version: 1.11.4, build: d8b6e4a0
Access web UI at http://localhost:6333/dashboard

2024-09-24T09:20:55.617050Z  INFO storage::content_manager::consensus::persistent: Loading raft state from ./storage/raft_state.json    
2024-09-24T09:20:55.618179Z DEBUG storage::content_manager::consensus::persistent: State: Persistent { state: RaftState { hard_state: HardState { term: 0, vote: 0, commit: 0 }, conf_state: ConfState { voters: [1822191581232345], learners: [], voters_outgoing: [], learners_next: [], auto_leave: false } }, latest_snapshot_meta: SnapshotMetadataSer { term: 0, index: 0 }, apply_progress_queue: EntryApplyProgressQueue(None), peer_address_by_id: RwLock { data: {} }, peer_metadata_by_id: RwLock { data: {} }, cluster_metadata: {}, this_peer_id: 1822191581232345, path: "./storage/raft_state.json", dirty: false }    
2024-09-24T09:20:55.693617Z  INFO storage::content_manager::toc: Loading collection: default    
2024-09-24T09:20:55.912643Z  INFO collection::shards::local_shard: Recovering collection default: 0/1 (0%)    
2024-09-24T09:20:55.982532Z  INFO collection::shards::local_shard: Recovered collection default: 1/1 (100%)    
2024-09-24T09:20:55.988189Z DEBUG qdrant: Loaded collection: default    
2024-09-24T09:20:55.988247Z  INFO qdrant: Distributed mode disabled    
2024-09-24T09:20:55.988275Z  INFO qdrant: Telemetry reporting disabled    
2024-09-24T09:20:55.991397Z DEBUG qdrant: Waiting for thread web to finish    
2024-09-24T09:20:55.992790Z  WARN qdrant::actix::web_ui: Static content folder for Web UI './static' does not exist    
2024-09-24T09:20:55.994071Z  INFO qdrant::actix: TLS disabled for REST API    
2024-09-24T09:20:55.994262Z  INFO qdrant::actix: Qdrant HTTP listening on 6333    
2024-09-24T09:20:55.994561Z  INFO actix_server::builder: Starting 11 workers
2024-09-24T09:20:55.994617Z  INFO actix_server::server: Actix runtime found; starting in Actix runtime
2024-09-24T09:20:56.004420Z  INFO qdrant::tonic: Qdrant gRPC listening on 6334    
2024-09-24T09:20:56.004449Z  INFO qdrant::tonic: TLS disabled for gRPC API    
2024-09-24T09:21:05.654366Z  INFO storage::content_manager::toc::collection_meta_ops: Deleting collection default    
2024-09-24T09:21:05.657932Z DEBUG collection::update_handler: Stopping flush worker.    
2024-09-24T09:21:05.680576Z  INFO actix_web::middleware::logger: 127.0.0.1 "DELETE /collections/default HTTP/1.1" 200 48 "-" "curl/7.81.0" 0.031617    
2024-09-24T09:21:39.156487Z DEBUG storage::content_manager::snapshots::recover: Downloading snapshot from file:///home/vansh/gaianet/qdrant/snapshots/default/default.snapshot to /home/vansh/gaianet/qdrant/./snapshots/tmp/download-7WsAH0    
2024-09-24T09:21:39.156911Z DEBUG storage::content_manager::snapshots::recover: Snapshot downloaded to /home/vansh/gaianet/qdrant/snapshots/default/default.snapshot    
2024-09-24T09:21:39.157467Z DEBUG storage::content_manager::snapshots::recover: Recovering collection default from snapshot /home/vansh/gaianet/qdrant/snapshots/default/default.snapshot    
2024-09-24T09:21:39.157476Z DEBUG storage::content_manager::snapshots::recover: Unpacking snapshot to /home/vansh/gaianet/qdrant/./storage/tmp/col-default-recovery-64Fqcv    
2024-09-24T09:21:42.322236Z DEBUG storage::content_manager::snapshots::recover: Collection default does not exist, creating it    
2024-09-24T09:21:42.322474Z  INFO storage::content_manager::toc::collection_meta_ops: Creating collection default    
2024-09-24T09:21:43.227951Z DEBUG collection::collection: Changing shard default:0 replica state from Some(Initializing) to Active    
2024-09-24T09:21:43.228057Z DEBUG collection::shards::replica_set: Changing local shard default:0 state from Some(Initializing) to Active    
2024-09-24T09:21:43.247475Z DEBUG storage::content_manager::snapshots::recover: Recovering shard 0 from /home/vansh/gaianet/qdrant/./storage/tmp/col-default-recovery-64Fqcv/0    
2024-09-24T09:21:43.251245Z DEBUG collection::update_handler: Stopping flush worker.    
2024-09-24T09:21:43.714935Z  INFO collection::shards::local_shard: Recovering collection default: 0/1 (0%)    
2024-09-24T09:21:43.851488Z  INFO collection::shards::local_shard: Recovered collection default: 1/1 (100%)    
2024-09-24T09:21:43.855691Z DEBUG storage::content_manager::snapshots::recover: Activating shard 0 of collection default locally    
2024-09-24T09:21:43.855766Z DEBUG collection::collection: Changing shard default:0 replica state from Some(Active) to Active    
2024-09-24T09:21:43.855796Z DEBUG collection::shards::replica_set: Changing local shard default:0 state from Some(Active) to Active    
2024-09-24T09:21:43.873670Z  INFO actix_web::middleware::logger: 127.0.0.1 "POST /collections/default/snapshots/upload?priority=snapshot HTTP/1.1" 200 48 "-" "curl/7.81.0" 5.641872    
2024-09-24T09:21:48.910753Z DEBUG qdrant::tonic: Stopping gRPC service on SIGTERM    
2024-09-24T09:21:48.910793Z  INFO actix_server::server: SIGTERM received; starting graceful shutdown
2024-09-24T09:21:48.911368Z  INFO actix_server::worker: Shutting down idle worker
2024-09-24T09:21:48.911416Z DEBUG actix_server::accept: Paused accepting connections on 127.0.0.1:6333
2024-09-24T09:21:48.911442Z  INFO actix_server::accept: Accept thread stopped
2024-09-24T09:21:48.911462Z  INFO actix_server::worker: Shutting down idle worker
2024-09-24T09:21:48.911484Z  INFO actix_server::worker: Shutting down idle worker
2024-09-24T09:21:48.911496Z  INFO actix_server::worker: Shutting down idle worker
2024-09-24T09:21:48.911454Z  INFO actix_server::worker: Shutting down idle worker
2024-09-24T09:21:48.911597Z  INFO actix_server::worker: Shutting down idle worker
2024-09-24T09:21:48.911648Z  INFO actix_server::worker: Shutting down idle worker
2024-09-24T09:21:48.911668Z  INFO actix_server::worker: Shutting down idle worker
2024-09-24T09:21:48.911783Z  INFO actix_server::worker: Shutting down idle worker
2024-09-24T09:21:48.911609Z  INFO actix_server::worker: Shutting down idle worker
2024-09-24T09:21:48.911582Z  INFO actix_server::worker: Shutting down idle worker
2024-09-24T09:21:49.228789Z DEBUG qdrant: Waiting for thread grpc to finish    
2024-09-24T09:21:49.230029Z DEBUG collection::update_handler: Stopping flush worker.    
